2022-05-20 13:16:00,548 - INFO - main - Loaded configuration from ./config.toml
2022-05-20 13:16:00,548 - INFO - main - Starting WebSocket Server
2022-05-20 13:16:00,549 - INFO - main - Starting main aruco loop
2022-05-20 13:16:16,613 - DEBUG - main - Marker 11 detected, distance : 2.81
2022-05-20 13:16:16,688 - DEBUG - main - Marker 11 detected, distance : 2.71
2022-05-20 13:16:16,727 - DEBUG - main - Marker 11 detected, distance : 2.79
2022-05-20 13:16:16,772 - DEBUG - main - Marker 11 detected, distance : 2.68
2022-05-20 13:16:16,812 - DEBUG - main - Marker 11 detected, distance : 2.81
2022-05-20 13:16:16,854 - DEBUG - main - Marker 11 detected, distance : 2.81
2022-05-20 13:16:16,903 - DEBUG - main - Marker 11 detected, distance : 2.79
2022-05-20 13:16:16,956 - DEBUG - main - Marker 11 detected, distance : 2.79
2022-05-20 13:16:23,727 - DEBUG - main - Marker 11 detected, distance : 2.81
2022-05-20 13:16:24,098 - DEBUG - main - Marker 11 detected, distance : 2.7
2022-05-20 13:16:24,136 - DEBUG - main - Marker 11 detected, distance : 2.7
2022-05-20 13:16:24,249 - DEBUG - main - Marker 11 detected, distance : 2.59
2022-05-20 13:16:24,468 - DEBUG - main - Marker 11 detected, distance : 2.53
2022-05-20 13:16:24,511 - DEBUG - main - Marker 11 detected, distance : 2.43
2022-05-20 13:16:24,550 - DEBUG - main - Marker 11 detected, distance : 2.53
2022-05-20 13:16:24,754 - DEBUG - main - Marker 11 detected, distance : 2.31
2022-05-20 13:16:24,879 - DEBUG - main - Marker 11 detected, distance : 2.29
2022-05-20 13:16:24,926 - DEBUG - main - Marker 11 detected, distance : 2.29
2022-05-20 13:16:24,964 - DEBUG - main - Marker 11 detected, distance : 2.23
2022-05-20 13:16:24,999 - DEBUG - main - Marker 11 detected, distance : 2.23
2022-05-20 13:16:25,040 - DEBUG - main - Marker 11 detected, distance : 2.15
2022-05-20 13:16:25,070 - DEBUG - main - Marker 11 detected, distance : 2.16
2022-05-20 13:16:25,101 - DEBUG - main - Marker 11 detected, distance : 2.09
2022-05-20 13:16:25,131 - DEBUG - main - Marker 11 detected, distance : 2.05
2022-05-20 13:16:25,160 - DEBUG - main - Marker 11 detected, distance : 2.04
2022-05-20 13:16:25,189 - DEBUG - main - Marker 11 detected, distance : 2.04
2022-05-20 13:16:25,220 - DEBUG - main - Marker 11 detected, distance : 1.98
2022-05-20 13:16:25,248 - DEBUG - main - Marker 11 detected, distance : 1.99
2022-05-20 13:16:25,279 - DEBUG - main - Marker 11 detected, distance : 1.99
2022-05-20 13:16:25,322 - DEBUG - main - Marker 11 detected, distance : 1.99
2022-05-20 13:16:25,371 - DEBUG - main - Marker 11 detected, distance : 1.89
2022-05-20 13:16:25,420 - DEBUG - main - Marker 11 detected, distance : 1.89
2022-05-20 13:16:25,471 - DEBUG - main - Marker 11 detected, distance : 1.85
2022-05-20 13:16:25,522 - DEBUG - main - Marker 11 detected, distance : 1.83
2022-05-20 13:16:25,564 - DEBUG - main - Marker 11 detected, distance : 1.84
2022-05-20 13:16:25,620 - DEBUG - main - Marker 11 detected, distance : 1.79
2022-05-20 13:16:25,660 - DEBUG - main - Marker 11 detected, distance : 1.76
2022-05-20 13:16:25,701 - DEBUG - main - Marker 11 detected, distance : 1.75
2022-05-20 13:16:25,743 - DEBUG - main - Marker 11 detected, distance : 1.71
2022-05-20 13:16:25,793 - DEBUG - main - Marker 11 detected, distance : 1.65
2022-05-20 13:16:25,841 - DEBUG - main - Marker 11 detected, distance : 1.65
2022-05-20 13:16:25,874 - DEBUG - main - Marker 11 passed the line
2022-05-20 13:16:25,879 - DEBUG - main - Marker 11 detected, distance : 1.6
2022-05-20 13:16:25,927 - DEBUG - main - Marker 11 detected, distance : 1.58
2022-05-20 13:16:25,962 - DEBUG - main - Marker 11 detected, distance : 1.57
2022-05-20 13:16:26,005 - DEBUG - main - Marker 11 detected, distance : 1.53
2022-05-20 13:16:26,060 - DEBUG - main - Marker 11 detected, distance : 1.51
2022-05-20 13:16:26,116 - DEBUG - main - Marker 11 detected, distance : 1.51
2022-05-20 13:16:26,170 - DEBUG - main - Marker 11 detected, distance : 1.47
2022-05-20 13:16:26,212 - DEBUG - main - Marker 11 detected, distance : 1.41
2022-05-20 13:16:26,271 - DEBUG - main - Marker 11 detected, distance : 1.39
2022-05-20 13:16:26,310 - DEBUG - main - Marker 11 detected, distance : 1.35
2022-05-20 13:16:26,351 - DEBUG - main - Marker 11 detected, distance : 1.28
2022-05-20 13:16:26,395 - DEBUG - main - Marker 11 detected, distance : 1.21
2022-05-20 13:16:26,445 - DEBUG - main - Marker 11 detected, distance : 1.19
2022-05-20 13:16:26,489 - DEBUG - main - Marker 11 detected, distance : 1.07
2022-05-20 13:16:26,539 - DEBUG - main - Marker 11 detected, distance : 1.04
2022-05-20 13:16:26,600 - DEBUG - main - Marker 11 detected, distance : 1.02
2022-05-20 13:16:26,641 - DEBUG - main - Marker 11 detected, distance : 0.99
2022-05-20 13:16:26,678 - DEBUG - main - Marker 11 detected, distance : 0.97
2022-05-20 13:16:34,770 - DEBUG - main - Marker 11 detected, distance : 2.91
2022-05-20 13:16:34,860 - DEBUG - main - Marker 11 detected, distance : 2.91
2022-05-20 13:16:34,938 - DEBUG - main - Marker 11 detected, distance : 2.69
2022-05-20 13:16:35,013 - DEBUG - main - Marker 11 detected, distance : 2.58
2022-05-20 13:16:35,045 - DEBUG - main - Marker 11 detected, distance : 2.5
2022-05-20 13:16:35,104 - DEBUG - main - Marker 11 detected, distance : 2.36
2022-05-20 13:16:35,172 - DEBUG - main - Marker 11 detected, distance : 2.15
2022-05-20 13:16:35,255 - DEBUG - main - Marker 11 detected, distance : 1.98
2022-05-20 13:16:35,296 - DEBUG - main - Marker 11 detected, distance : 1.89
2022-05-20 13:16:35,356 - DEBUG - main - Marker 11 detected, distance : 1.8
2022-05-20 13:16:35,400 - DEBUG - main - Marker 11 detected, distance : 1.71
2022-05-20 13:16:35,440 - DEBUG - main - Marker 11 passed the line
2022-05-20 13:16:35,447 - DEBUG - main - Marker 11 detected, distance : 1.64
2022-05-20 13:16:35,503 - DEBUG - main - Marker 11 detected, distance : 1.53
2022-05-20 13:16:35,538 - DEBUG - main - Marker 11 detected, distance : 1.47
2022-05-20 13:16:35,576 - DEBUG - main - Marker 11 detected, distance : 1.38
2022-05-20 13:16:35,624 - DEBUG - main - Marker 11 detected, distance : 1.29
2022-05-20 13:16:35,670 - DEBUG - main - Marker 11 detected, distance : 1.22
2022-05-20 13:16:35,708 - DEBUG - main - Marker 11 detected, distance : 1.14
2022-05-20 13:16:35,747 - DEBUG - main - Marker 11 detected, distance : 1.03
2022-05-20 13:16:35,791 - DEBUG - main - Marker 11 detected, distance : 1.02
2022-05-20 13:16:35,842 - DEBUG - main - Marker 11 detected, distance : 0.95
2022-05-20 13:16:35,882 - DEBUG - main - Marker 11 detected, distance : 0.94
